<?xml version="1.0" encoding="UTF-8"?>
<testng-results ignored="0" total="1" passed="1" failed="0" skipped="0">
  <reporter-output>
  </reporter-output>
  <suite started-at="2024-07-12T08:52:32 IST" name="Suite" finished-at="2024-07-12T08:53:12 IST" duration-ms="40216">
    <groups>
    </groups>
    <test started-at="2024-07-12T08:52:32 IST" name="Test" finished-at="2024-07-12T08:53:12 IST" duration-ms="40216">
      <class name="testcases.RegisterUser">
        <test-method is-config="true" signature="setup()[pri:0, instance:testcases.RegisterUser@3911c2a7]" started-at="2024-07-12T08:52:33 IST" name="setup" finished-at="2024-07-12T08:53:03 IST" duration-ms="30262" status="PASS">
          <reporter-output>
          </reporter-output>
        </test-method> <!-- setup -->
        <test-method signature="testRegisteruser()[pri:0, instance:testcases.RegisterUser@3911c2a7]" started-at="2024-07-12T08:53:03 IST" name="testRegisteruser" finished-at="2024-07-12T08:53:12 IST" duration-ms="9340" status="PASS">
          <reporter-output>
          </reporter-output>
        </test-method> <!-- testRegisteruser -->
      </class> <!-- testcases.RegisterUser -->
    </test> <!-- Test -->
  </suite> <!-- Suite -->
</testng-results>
