<?xml version="1.0" encoding="UTF-8"?>
<testng-results ignored="0" total="1" passed="1" failed="0" skipped="0">
  <reporter-output>
  </reporter-output>
  <suite started-at="2024-07-05T09:07:48 IST" name="Suite" finished-at="2024-07-05T09:08:10 IST" duration-ms="21661">
    <groups>
    </groups>
    <test started-at="2024-07-05T09:07:48 IST" name="Test" finished-at="2024-07-05T09:08:10 IST" duration-ms="21661">
      <class name="testcases.RegisterUser">
        <test-method is-config="true" signature="setup()[pri:0, instance:testcases.RegisterUser@5158b42f]" started-at="2024-07-05T09:07:48 IST" name="setup" finished-at="2024-07-05T09:07:58 IST" duration-ms="9471" status="PASS">
          <reporter-output>
          </reporter-output>
        </test-method> <!-- setup -->
        <test-method signature="testRegisteruser()[pri:0, instance:testcases.RegisterUser@5158b42f]" started-at="2024-07-05T09:07:58 IST" name="testRegisteruser" finished-at="2024-07-05T09:08:10 IST" duration-ms="12120" status="PASS">
          <reporter-output>
          </reporter-output>
        </test-method> <!-- testRegisteruser -->
      </class> <!-- testcases.RegisterUser -->
    </test> <!-- Test -->
  </suite> <!-- Suite -->
</testng-results>
